 INFO RestDatabaseClient [2025-01-26 19:42:58] - Reading config file from ./Config/serverConfig.json
 INFO RestDatabaseClient [2025-01-26 19:42:58] - Found config file
 INFO DatabaseUserLoginSetup [2025-01-26 19:42:59] - `UserLoginManager` not setup yet, Get it in children to setup...
 INFO DatabaseUserLoginSetup [2025-01-26 19:42:59] - `UserLoginManager` not setup yet, Use default one...
 INFO DatabaseUserLoginSetup [2025-01-26 19:42:59] - `UserLoginManager` not setup yet, Get it in children to setup...
 INFO DatabaseUserLoginSetup [2025-01-26 19:42:59] - `UserLoginManager` not setup yet, Use default one...
 INFO No Tag [2025-01-26 19:42:59] - [DevExt] GameInstance - LoadedGameData
 INFO GameInstance [2025-01-26 19:42:59] - [IAP_INIT]: Initialized without purchasing
 INFO MapNetworkManager(MapNetworkManager) [2025-01-26 19:42:59] - OnStartServer
 INFO DatabaseNetworkManager(DatabaseNetworkManager) [2025-01-26 19:42:59] - OnStartClient
 INFO DatabaseNetworkManager(DatabaseNetworkManager)->LiteNetLibClient [2025-01-26 19:42:59] - OnClientConnected
 INFO MapNetworkManager(MapNetworkManager) [2025-01-26 19:43:00] - Spawning warp portals
 INFO MapNetworkManager(MapNetworkManager) [2025-01-26 19:43:00] - Spawning NPCs
 INFO MapNetworkManager(MapNetworkManager) [2025-01-26 19:43:00] - Spawning monsters
 INFO MapNetworkManager(MapNetworkManager) [2025-01-26 19:43:00] - Spawning harvestables
 INFO MapNetworkManager(MapNetworkManager) [2025-01-26 19:43:01] - Spawning item drop entities
 INFO ClusterClient:MapServer [2025-01-26 19:43:01] - Starting server
 INFO ClusterClient:MapServer [2025-01-26 19:43:01] - Connecting to Cluster Server: 127.0.0.1:6010
 INFO ClusterClient:MapServer [2025-01-26 19:43:01] - OnClientConnected
 INFO ClusterClient:MapServer [2025-01-26 19:43:01] - Connected to Cluster Server
 INFO ClusterClient:MapServer [2025-01-26 19:43:01] - App Register is requesting
 INFO MapNetworkManager(MapNetworkManager) [2025-01-26 19:43:01] - Register map server: Map002
 INFO MapNetworkManager(MapNetworkManager) [2025-01-26 19:43:01] - Register map server: Map_GuildWar
 INFO ClusterClient:MapServer [2025-01-26 19:43:01] - App Registered successfully
 INFO MapNetworkManager(MapNetworkManager)->LiteNetLibServer [2025-01-26 19:43:44] - OnPeerConnected peer.ConnectionId: 0
 INFO MapNetworkManager(MapNetworkManager)->LiteNetLibServer [2025-01-26 19:44:11] - OnPeerDisconnected peer.ConnectionId: 0 disconnectInfo.Reason: RemoteConnectionClose
 INFO MapNetworkManager(MapNetworkManager)->LiteNetLibServer [2025-01-26 19:44:20] - OnPeerConnected peer.ConnectionId: 0
 INFO MapNetworkManager(MapNetworkManager)->LiteNetLibServer [2025-01-26 19:46:11] - OnPeerDisconnected peer.ConnectionId: 0 disconnectInfo.Reason: RemoteConnectionClose
 INFO MapNetworkManager(MapNetworkManager)->LiteNetLibServer [2025-01-26 19:47:32] - OnPeerConnected peer.ConnectionId: 0
 INFO MapNetworkManager(MapNetworkManager)->LiteNetLibServer [2025-01-26 19:47:48] - OnPeerDisconnected peer.ConnectionId: 0 disconnectInfo.Reason: RemoteConnectionClose
 INFO MapNetworkManager(MapNetworkManager)->LiteNetLibServer [2025-01-26 19:53:08] - OnPeerConnected peer.ConnectionId: 0
 INFO MapNetworkManager(MapNetworkManager)->LiteNetLibServer [2025-01-26 19:53:22] - OnPeerDisconnected peer.ConnectionId: 0 disconnectInfo.Reason: RemoteConnectionClose
 INFO MapNetworkManager(MapNetworkManager)->LiteNetLibServer [2025-01-26 19:53:30] - OnPeerConnected peer.ConnectionId: 0
 INFO MapNetworkManager(MapNetworkManager)->LiteNetLibServer [2025-01-26 19:54:13] - OnPeerDisconnected peer.ConnectionId: 0 disconnectInfo.Reason: DisconnectPeerCalled
 INFO MapNetworkManager(MapNetworkManager)->LiteNetLibServer [2025-01-26 19:54:49] - OnPeerConnected peer.ConnectionId: 0
 INFO MapNetworkManager(MapNetworkManager)->LiteNetLibServer [2025-01-26 19:55:27] - OnPeerConnected peer.ConnectionId: 1
 INFO MapNetworkManager(MapNetworkManager)->LiteNetLibServer [2025-01-26 19:57:59] - OnPeerDisconnected peer.ConnectionId: 1 disconnectInfo.Reason: RemoteConnectionClose
 INFO MapNetworkManager(MapNetworkManager)->LiteNetLibServer [2025-01-26 20:01:02] - OnPeerConnected peer.ConnectionId: 1
 INFO MapNetworkManager(MapNetworkManager)->LiteNetLibServer [2025-01-26 20:02:16] - OnPeerDisconnected peer.ConnectionId: 1 disconnectInfo.Reason: RemoteConnectionClose
 INFO MapNetworkManager(MapNetworkManager)->LiteNetLibServer [2025-01-27 01:32:18] - OnPeerConnected peer.ConnectionId: 1
 INFO MapNetworkManager(MapNetworkManager)->LiteNetLibServer [2025-01-27 01:33:07] - OnPeerDisconnected peer.ConnectionId: 1 disconnectInfo.Reason: RemoteConnectionClose
 INFO MapNetworkManager(MapNetworkManager)->LiteNetLibServer [2025-01-27 01:33:21] - OnPeerConnected peer.ConnectionId: 1
 INFO MapNetworkManager(MapNetworkManager)->LiteNetLibServer [2025-01-27 01:33:27] - OnPeerDisconnected peer.ConnectionId: 1 disconnectInfo.Reason: RemoteConnectionClose
 INFO MapNetworkManager(MapNetworkManager)->LiteNetLibServer [2025-01-27 02:08:28] - OnPeerConnected peer.ConnectionId: 1
 INFO MapNetworkManager(MapNetworkManager)->LiteNetLibServer [2025-01-27 02:08:44] - OnPeerDisconnected peer.ConnectionId: 1 disconnectInfo.Reason: RemoteConnectionClose
 INFO MapNetworkManager(MapNetworkManager)->LiteNetLibServer [2025-01-27 02:24:05] - OnPeerConnected peer.ConnectionId: 1
 INFO MapNetworkManager(MapNetworkManager)->LiteNetLibServer [2025-01-27 02:24:36] - OnPeerDisconnected peer.ConnectionId: 0 disconnectInfo.Reason: RemoteConnectionClose
 INFO MapNetworkManager(MapNetworkManager)->LiteNetLibServer [2025-01-27 02:25:02] - OnPeerDisconnected peer.ConnectionId: 1 disconnectInfo.Reason: RemoteConnectionClose
 INFO MapNetworkManager(MapNetworkManager)->LiteNetLibServer [2025-01-27 02:25:40] - OnPeerConnected peer.ConnectionId: 0
 INFO MapNetworkManager(MapNetworkManager)->LiteNetLibServer [2025-01-27 02:27:21] - OnPeerDisconnected peer.ConnectionId: 0 disconnectInfo.Reason: RemoteConnectionClose
 INFO MapNetworkManager(MapNetworkManager)->LiteNetLibServer [2025-01-27 02:31:44] - OnPeerConnected peer.ConnectionId: 1
 INFO MapNetworkManager(MapNetworkManager)->LiteNetLibServer [2025-01-27 02:31:56] - OnPeerDisconnected peer.ConnectionId: 1 disconnectInfo.Reason: RemoteConnectionClose
