 INFO RestDatabaseClient [2025-01-26 19:42:56] - Reading config file from ./Config/serverConfig.json
 INFO RestDatabaseClient [2025-01-26 19:42:56] - Found config file
 INFO DatabaseUserLoginSetup [2025-01-26 19:42:57] - `UserLoginManager` not setup yet, Get it in children to setup...
 INFO DatabaseUserLoginSetup [2025-01-26 19:42:57] - `UserLoginManager` not setup yet, Use default one...
 INFO DatabaseUserLoginSetup [2025-01-26 19:42:57] - `UserLoginManager` not setup yet, Get it in children to setup...
 INFO DatabaseUserLoginSetup [2025-01-26 19:42:57] - `UserLoginManager` not setup yet, Use default one...
 INFO No Tag [2025-01-26 19:42:57] - [DevExt] GameInstance - LoadedGameData
 INFO GameInstance [2025-01-26 19:42:57] - [IAP_INIT]: Initialized without purchasing
 INFO DatabaseNetworkManager(DatabaseNetworkManager) [2025-01-26 19:42:57] - OnStartServer
 INFO MySQLDatabase [2025-01-26 19:42:57] - Reading config file from ./Config/mySqlConfig.json
 INFO MySQLDatabase [2025-01-26 19:42:57] - Not found config file, creating a new one
 INFO CentralNetworkManager(CentralNetworkManager) [2025-01-26 19:42:57] - OnStartServer
 INFO ClusterClient:MapSpawnServer [2025-01-26 19:42:57] - Starting server
 INFO ClusterClient:MapSpawnServer [2025-01-26 19:42:57] - Connecting to Cluster Server: 127.0.0.1:6010
 INFO MapSpawnNetworkManager(MapSpawnNetworkManager) [2025-01-26 19:42:57] - OnStartServer
 INFO DatabaseNetworkManager(DatabaseNetworkManager) [2025-01-26 19:42:57] - OnStartClient
 INFO DatabaseNetworkManager(DatabaseNetworkManager)->LiteNetLibClient [2025-01-26 19:42:57] - OnClientConnected
 INFO ClusterClient:MapSpawnServer [2025-01-26 19:42:57] - OnClientConnected
 INFO ClusterClient:MapSpawnServer [2025-01-26 19:42:57] - Connected to Cluster Server
 INFO ClusterClient:MapSpawnServer [2025-01-26 19:42:57] - App Register is requesting
 INFO DatabaseNetworkManager(DatabaseNetworkManager)->LiteNetLibServer [2025-01-26 19:42:57] - OnPeerConnected peer.ConnectionId: 0
 INFO ClusterServer [2025-01-26 19:42:57] - OnPeerConnected peer.ConnectionId: 0
 INFO ClusterServer [2025-01-26 19:42:57] - Register Map Spawn Server: [0]
 INFO ClusterClient:MapSpawnServer [2025-01-26 19:42:57] - App Registered successfully
 INFO MapSpawnNetworkManager(MapSpawnNetworkManager) [2025-01-26 19:42:57] - Starting process from: D:\Game Development\Unity Projects\ArcheCore\Bin\ServerFiles\1.0.0.0\ArcheCore.exe
 INFO MapSpawnNetworkManager(MapSpawnNetworkManager) [2025-01-26 19:42:57] - Starting process with args: -batchmode -nographics  -mapId Map001 -centralAddress 127.0.0.1 -centralPort 6010 -machineAddress 127.0.0.1 -mapPort 8000 -startMapServer
 INFO MapSpawnNetworkManager(MapSpawnNetworkManager) [2025-01-26 19:42:57] - Process started. Id: 17548
 INFO MapSpawnNetworkManager(MapSpawnNetworkManager) [2025-01-26 19:42:57] - Starting process from: D:\Game Development\Unity Projects\ArcheCore\Bin\ServerFiles\1.0.0.0\ArcheCore.exe
 INFO MapSpawnNetworkManager(MapSpawnNetworkManager) [2025-01-26 19:42:57] - Starting process with args: -batchmode -nographics  -mapId Map002 -centralAddress 127.0.0.1 -centralPort 6010 -machineAddress 127.0.0.1 -mapPort 8001 -startMapServer
 INFO MapSpawnNetworkManager(MapSpawnNetworkManager) [2025-01-26 19:42:57] - Process started. Id: 23444
 INFO MapSpawnNetworkManager(MapSpawnNetworkManager) [2025-01-26 19:42:57] - Starting process from: D:\Game Development\Unity Projects\ArcheCore\Bin\ServerFiles\1.0.0.0\ArcheCore.exe
 INFO MapSpawnNetworkManager(MapSpawnNetworkManager) [2025-01-26 19:42:57] - Starting process with args: -batchmode -nographics  -mapId Map_GuildWar -centralAddress 127.0.0.1 -centralPort 6010 -machineAddress 127.0.0.1 -mapPort 8002 -startMapServer
 INFO MapSpawnNetworkManager(MapSpawnNetworkManager) [2025-01-26 19:42:57] - Process started. Id: 8748
 INFO DatabaseNetworkManager(DatabaseNetworkManager)->LiteNetLibServer [2025-01-26 19:42:59] - OnPeerConnected peer.ConnectionId: 1
 INFO DatabaseNetworkManager(DatabaseNetworkManager)->LiteNetLibServer [2025-01-26 19:42:59] - OnPeerConnected peer.ConnectionId: 2
 INFO DatabaseNetworkManager(DatabaseNetworkManager)->LiteNetLibServer [2025-01-26 19:42:59] - OnPeerConnected peer.ConnectionId: 3
 INFO ClusterServer [2025-01-26 19:43:00] - OnPeerConnected peer.ConnectionId: 1
 INFO ClusterServer [2025-01-26 19:43:00] - Register Map Server: [1] [Map002]
 INFO ClusterServer [2025-01-26 19:43:00] - OnPeerConnected peer.ConnectionId: 2
 INFO ClusterServer [2025-01-26 19:43:00] - Register Map Server: [2] [Map_GuildWar]
 INFO ClusterServer [2025-01-26 19:43:01] - OnPeerConnected peer.ConnectionId: 3
 INFO ClusterServer [2025-01-26 19:43:01] - Register Map Server: [3] [Map001]
 INFO CentralNetworkManager(CentralNetworkManager)->LiteNetLibServer [2025-01-26 19:43:39] - OnPeerConnected peer.ConnectionId: 0
 INFO CentralNetworkManager(CentralNetworkManager)->LiteNetLibServer [2025-01-26 19:43:44] - OnPeerDisconnected peer.ConnectionId: 0 disconnectInfo.Reason: RemoteConnectionClose
 INFO CentralNetworkManager(CentralNetworkManager)->LiteNetLibServer [2025-01-26 19:44:11] - OnPeerConnected peer.ConnectionId: 0
 INFO CentralNetworkManager(CentralNetworkManager)->LiteNetLibServer [2025-01-26 19:44:20] - OnPeerDisconnected peer.ConnectionId: 0 disconnectInfo.Reason: RemoteConnectionClose
 INFO CentralNetworkManager(CentralNetworkManager)->LiteNetLibServer [2025-01-26 19:46:11] - OnPeerConnected peer.ConnectionId: 0
 INFO CentralNetworkManager(CentralNetworkManager)->LiteNetLibServer [2025-01-26 19:46:11] - OnPeerDisconnected peer.ConnectionId: 0 disconnectInfo.Reason: RemoteConnectionClose
 INFO CentralNetworkManager(CentralNetworkManager)->LiteNetLibServer [2025-01-26 19:47:26] - OnPeerConnected peer.ConnectionId: 0
 INFO CentralNetworkManager(CentralNetworkManager)->LiteNetLibServer [2025-01-26 19:47:32] - OnPeerDisconnected peer.ConnectionId: 0 disconnectInfo.Reason: RemoteConnectionClose
 INFO CentralNetworkManager(CentralNetworkManager)->LiteNetLibServer [2025-01-26 19:47:48] - OnPeerConnected peer.ConnectionId: 0
 INFO CentralNetworkManager(CentralNetworkManager)->LiteNetLibServer [2025-01-26 19:47:53] - OnPeerDisconnected peer.ConnectionId: 0 disconnectInfo.Reason: Timeout
 INFO CentralNetworkManager(CentralNetworkManager)->LiteNetLibServer [2025-01-26 19:53:03] - OnPeerConnected peer.ConnectionId: 0
 INFO CentralNetworkManager(CentralNetworkManager)->LiteNetLibServer [2025-01-26 19:53:08] - OnPeerDisconnected peer.ConnectionId: 0 disconnectInfo.Reason: RemoteConnectionClose
 INFO CentralNetworkManager(CentralNetworkManager)->LiteNetLibServer [2025-01-26 19:53:22] - OnPeerConnected peer.ConnectionId: 0
 INFO CentralNetworkManager(CentralNetworkManager)->LiteNetLibServer [2025-01-26 19:53:30] - OnPeerDisconnected peer.ConnectionId: 0 disconnectInfo.Reason: RemoteConnectionClose
 INFO CentralNetworkManager(CentralNetworkManager)->LiteNetLibServer [2025-01-26 19:53:58] - OnPeerConnected peer.ConnectionId: 0
 INFO CentralNetworkManager(CentralNetworkManager)->LiteNetLibServer [2025-01-26 19:54:13] - OnPeerConnected peer.ConnectionId: 1
 INFO CentralNetworkManager(CentralNetworkManager)->LiteNetLibServer [2025-01-26 19:54:49] - OnPeerDisconnected peer.ConnectionId: 0 disconnectInfo.Reason: RemoteConnectionClose
 INFO CentralNetworkManager(CentralNetworkManager)->LiteNetLibServer [2025-01-26 19:55:28] - OnPeerDisconnected peer.ConnectionId: 1 disconnectInfo.Reason: RemoteConnectionClose
 INFO CentralNetworkManager(CentralNetworkManager)->LiteNetLibServer [2025-01-26 19:57:59] - OnPeerConnected peer.ConnectionId: 0
 INFO CentralNetworkManager(CentralNetworkManager)->LiteNetLibServer [2025-01-26 19:58:04] - OnPeerDisconnected peer.ConnectionId: 0 disconnectInfo.Reason: Timeout
 INFO CentralNetworkManager(CentralNetworkManager)->LiteNetLibServer [2025-01-26 20:00:46] - OnPeerConnected peer.ConnectionId: 1
 INFO CentralNetworkManager(CentralNetworkManager)->LiteNetLibServer [2025-01-26 20:01:02] - OnPeerDisconnected peer.ConnectionId: 1 disconnectInfo.Reason: RemoteConnectionClose
 INFO CentralNetworkManager(CentralNetworkManager)->LiteNetLibServer [2025-01-26 20:02:16] - OnPeerConnected peer.ConnectionId: 0
 INFO CentralNetworkManager(CentralNetworkManager)->LiteNetLibServer [2025-01-26 20:02:21] - OnPeerDisconnected peer.ConnectionId: 0 disconnectInfo.Reason: Timeout
 INFO CentralNetworkManager(CentralNetworkManager)->LiteNetLibServer [2025-01-27 01:31:56] - OnPeerConnected peer.ConnectionId: 1
 INFO CentralNetworkManager(CentralNetworkManager)->LiteNetLibServer [2025-01-27 01:32:18] - OnPeerDisconnected peer.ConnectionId: 1 disconnectInfo.Reason: RemoteConnectionClose
 INFO CentralNetworkManager(CentralNetworkManager)->LiteNetLibServer [2025-01-27 01:33:07] - OnPeerConnected peer.ConnectionId: 0
 INFO CentralNetworkManager(CentralNetworkManager)->LiteNetLibServer [2025-01-27 01:33:07] - OnPeerDisconnected peer.ConnectionId: 0 disconnectInfo.Reason: RemoteConnectionClose
 INFO CentralNetworkManager(CentralNetworkManager)->LiteNetLibServer [2025-01-27 01:33:16] - OnPeerConnected peer.ConnectionId: 1
 INFO CentralNetworkManager(CentralNetworkManager)->LiteNetLibServer [2025-01-27 01:33:22] - OnPeerDisconnected peer.ConnectionId: 1 disconnectInfo.Reason: RemoteConnectionClose
 INFO CentralNetworkManager(CentralNetworkManager)->LiteNetLibServer [2025-01-27 01:33:27] - OnPeerConnected peer.ConnectionId: 0
 INFO CentralNetworkManager(CentralNetworkManager)->LiteNetLibServer [2025-01-27 01:33:32] - OnPeerDisconnected peer.ConnectionId: 0 disconnectInfo.Reason: Timeout
 INFO CentralNetworkManager(CentralNetworkManager)->LiteNetLibServer [2025-01-27 02:08:21] - OnPeerConnected peer.ConnectionId: 1
 INFO CentralNetworkManager(CentralNetworkManager)->LiteNetLibServer [2025-01-27 02:08:28] - OnPeerDisconnected peer.ConnectionId: 1 disconnectInfo.Reason: RemoteConnectionClose
 INFO CentralNetworkManager(CentralNetworkManager)->LiteNetLibServer [2025-01-27 02:08:44] - OnPeerConnected peer.ConnectionId: 0
 INFO CentralNetworkManager(CentralNetworkManager)->LiteNetLibServer [2025-01-27 02:08:44] - OnPeerDisconnected peer.ConnectionId: 0 disconnectInfo.Reason: RemoteConnectionClose
 INFO CentralNetworkManager(CentralNetworkManager)->LiteNetLibServer [2025-01-27 02:24:01] - OnPeerConnected peer.ConnectionId: 1
 INFO CentralNetworkManager(CentralNetworkManager)->LiteNetLibServer [2025-01-27 02:24:06] - OnPeerDisconnected peer.ConnectionId: 1 disconnectInfo.Reason: RemoteConnectionClose
 INFO CentralNetworkManager(CentralNetworkManager)->LiteNetLibServer [2025-01-27 02:25:02] - OnPeerConnected peer.ConnectionId: 0
 INFO CentralNetworkManager(CentralNetworkManager)->LiteNetLibServer [2025-01-27 02:25:07] - OnPeerDisconnected peer.ConnectionId: 0 disconnectInfo.Reason: Timeout
 INFO CentralNetworkManager(CentralNetworkManager)->LiteNetLibServer [2025-01-27 02:25:35] - OnPeerConnected peer.ConnectionId: 1
 INFO CentralNetworkManager(CentralNetworkManager)->LiteNetLibServer [2025-01-27 02:25:40] - OnPeerDisconnected peer.ConnectionId: 1 disconnectInfo.Reason: RemoteConnectionClose
 INFO CentralNetworkManager(CentralNetworkManager)->LiteNetLibServer [2025-01-27 02:27:21] - OnPeerConnected peer.ConnectionId: 0
 INFO CentralNetworkManager(CentralNetworkManager)->LiteNetLibServer [2025-01-27 02:27:26] - OnPeerDisconnected peer.ConnectionId: 0 disconnectInfo.Reason: Timeout
 INFO CentralNetworkManager(CentralNetworkManager)->LiteNetLibServer [2025-01-27 02:31:39] - OnPeerConnected peer.ConnectionId: 1
 INFO CentralNetworkManager(CentralNetworkManager)->LiteNetLibServer [2025-01-27 02:31:44] - OnPeerDisconnected peer.ConnectionId: 1 disconnectInfo.Reason: RemoteConnectionClose
 INFO CentralNetworkManager(CentralNetworkManager)->LiteNetLibServer [2025-01-27 02:31:56] - OnPeerConnected peer.ConnectionId: 0
 INFO CentralNetworkManager(CentralNetworkManager)->LiteNetLibServer [2025-01-27 02:31:56] - OnPeerDisconnected peer.ConnectionId: 0 disconnectInfo.Reason: RemoteConnectionClose
